<?xml version="1.0" encoding="UTF-8"?>
<testng-results ignored="0" total="1" passed="1" failed="0" skipped="0">
  <reporter-output>
  </reporter-output>
  <suite started-at="2023-12-18T13:11:01 IST" name="Default suite" finished-at="2023-12-18T13:11:12 IST" duration-ms="11068">
    <groups>
    </groups>
    <test started-at="2023-12-18T13:11:01 IST" name="Default test" finished-at="2023-12-18T13:11:12 IST" duration-ms="11068">
      <class name="com.Ecommerce.test.RegisterTest">
        <test-method signature="Validlogin()[pri:0, instance:com.Ecommerce.test.RegisterTest@36c88a32]" started-at="2023-12-18T13:11:01 IST" name="Validlogin" finished-at="2023-12-18T13:11:12 IST" duration-ms="11034" status="PASS">
          <reporter-output>
          </reporter-output>
        </test-method> <!-- Validlogin -->
      </class> <!-- com.Ecommerce.test.RegisterTest -->
    </test> <!-- Default test -->
  </suite> <!-- Default suite -->
</testng-results>
